  % Total    % Received % Xferd  Average Speed   Time    Time     Time  Current
                                 Dload  Upload   Total   Spent    Left  Speed
  0     0    0     0    0     0      0      0 --:--:-- --:--:-- --:--:--     0100     3  100     3    0     0      6      0 --:--:-- --:--:-- --:--:--     6100     3  100     3    0     0      6      0 --:--:-- --:--:-- --:--:--     6
warning: archlinux-keyring-20220424-1 is up to date -- reinstalling
resolving dependencies...
looking for conflicting packages...

Packages (1) archlinux-keyring-20220424-1

Total Installed Size:  1.46 MiB
Net Upgrade Size:      0.00 MiB

:: Proceed with installation? [Y/n] 
checking keyring...
checking package integrity...
loading package files...
checking for file conflicts...
checking available disk space...
:: Processing package changes...
reinstalling archlinux-keyring...
==> Appending keys from archlinux.gpg...
==> Updating trust database...
gpg: next trustdb check due at 2022-05-06
==> Updating trust database...
gpg: next trustdb check due at 2022-05-06
:: Running post-transaction hooks...
(1/1) Arming ConditionNeedsUpdate...
warning: pacman-contrib-1.4.0-4 is up to date -- skipping
warning: terminus-font-4.49.1-2 is up to date -- skipping
 there is nothing to do
warning: reflector-2021.11-3 is up to date -- skipping
warning: rsync-3.2.4-1 is up to date -- skipping
 there is nothing to do

-------------------------------------------------------------------------
                    Setting up TW mirrors for faster downloads
-------------------------------------------------------------------------
error: no mirrors found
    
-------------------------------------------------------------------------
                    Installing Prerequisites
-------------------------------------------------------------------------
warning: gptfdisk-1.0.9-1 is up to date -- skipping
warning: btrfs-progs-5.17-1 is up to date -- skipping
warning: glibc-2.35-3 is up to date -- skipping
 there is nothing to do

-------------------------------------------------------------------------
                    Formating Disk
-------------------------------------------------------------------------
umount: /mnt: not mounted
Creating new GPT entries in memory.
GPT data structures destroyed! You may now partition the disk using fdisk or
other utilities.
Creating new GPT entries in memory.
The operation has completed successfully.
The operation has completed successfully.
The operation has completed successfully.
The operation has completed successfully.

-------------------------------------------------------------------------
                    Creating Filesystems
-------------------------------------------------------------------------
mkfs.fat 4.2 (2021-01-31)

WARNING!
========
This will overwrite data on /dev/sda3 irrevocably.

Are you sure? (Type 'yes' in capital letters): Key slot 0 created.
Command successful.
btrfs-progs v5.17 
See http://btrfs.wiki.kernel.org for more information.

NOTE: several default settings have changed in version 5.15, please make sure
      this does not affect your deployments:
      - DUP for metadata (-m dup)
      - enabled no-holes (-O no-holes)
      - enabled free-space-tree (-R free-space-tree)

Label:              ROOT
UUID:               03156015-30c0-494d-b939-809028e8745f
Node size:          16384
Sector size:        4096
Filesystem size:    465.45GiB
Block group profiles:
  Data:             single            8.00MiB
  Metadata:         DUP               1.00GiB
  System:           DUP               8.00MiB
SSD detected:       yes
Zoned device:       no
Incompat features:  extref, skinny-metadata, no-holes
Runtime features:   free-space-tree
Checksum:           crc32c
Number of devices:  1
Devices:
   ID        SIZE  PATH
    1   465.45GiB  /dev/mapper/ROOT

Create subvolume '/mnt/@'
Create subvolume '/mnt/@home'
Create subvolume '/mnt/@var'
Create subvolume '/mnt/@tmp'
Create subvolume '/mnt/@.snapshots'
umount: /mnt: target is busy.
mount: /mnt: /dev/mapper/ROOT already mounted on /mnt.
       dmesg(1) may have more information after failed mount system call.

-------------------------------------------------------------------------
                    Arch Install on Main Drive
-------------------------------------------------------------------------
