[H[J[3JPlease enter your username: a
Please enter your password: 
Please repeat your password: 
[?2004hPlease enter your hostname: a
[?2004l[H[J[3JPlease select your desired Desktop Enviroment:





[6n[6n[?25l[3;1H  [7m dwm [27m[3;41H   xfce [3;81H   server [3;1H   dwm [3;41H  [7m xfce [27m[3;81H   server [3;1H   dwm [3;41H   xfce [3;81H  [7m server [27m[3;1H   dwm [3;41H   xfce [3;81H   server [3;1H   dwm [3;41H   xfce [3;81H  [7m server [27m[3;1H   dwm [3;41H  [7m xfce [27m[3;81H   server [3;1H  [7m dwm [27m[3;41H   xfce [3;81H   server [7;1H
[?25h[H[J[3J



[6n[6n[?25l[2;1H  [7m /dev/zram0|7.5G [27m[3;1H   /dev/nvme0n1|476.9G [2;1H   /dev/zram0|7.5G [3;1H  [7m /dev/nvme0n1|476.9G [27m[5;1H
[?25h
/dev/nvme0n1 selected 


Is this an ssd? yes/no:




[6n[6n[?25l[12;1H  [7m Yes [27m[13;1H   No [12;1H   Yes [13;1H  [7m No [27m[12;1H  [7m Yes [27m[13;1H   No [15;1H
[?25h[H[J[3J
Please Select your file system for both boot and root






[6n[6n[?25l[4;1H  [7m luks [27m[5;1H   btrfs [6;1H   ext4 [7;1H   exit [9;1H
[?25hPlease enter your luks password: 
Please repeat your luks password: 
[H[J[3J  % Total    % Received % Xferd  Average Speed   Time    Time     Time  Current
                                 Dload  Upload   Total   Spent    Left  Speed
  0     0    0     0    0     0      0      0 --:--:-- --:--:-- --:--:--     0curl: (6) Could not resolve host: ipapi.co

System detected your timezone to be '' 
Is this correct?




[6n[6n[?25l[8;1H  [7m Yes [27m[9;1H   No [8;1H   Yes [9;1H  [7m No [27m[8;1H  [7m Yes [27m[9;1H   No [11;1H
[?25h set as timezone
